<?xml version="1.0" encoding="UTF-8"?>
<!-- Generated by org.testng.reporters.JUnitReportReporter -->
<testsuite hostname="Leonardos-MacBook-Air.local" failures="0" tests="1" name="test.ui.LoginTest" time="6.833" errors="0" timestamp="2023-05-10T10:33:22 WEST" skipped="0">
  <testcase classname="test.ui.LoginTest" name="testLoginUser" time="6.833"/>
  <system-out/>
</testsuite> <!-- test.ui.LoginTest -->
