<?xml version="1.0" encoding="UTF-8"?>
<!-- Generated by org.testng.reporters.JUnitReportReporter -->
<testsuite hostname="Leonardos-MacBook-Air.local" failures="0" tests="1" name="test.ui.ThirdTest" time="1.838" errors="0" timestamp="2023-05-10T10:33:22 WEST" skipped="0">
  <testcase classname="test.ui.ThirdTest" name="testBlaBla" time="1.838"/>
  <system-out/>
</testsuite> <!-- test.ui.ThirdTest -->
